<?xml version="1.0" encoding="UTF-8"?>
<testng-results skipped="0" failed="0" ignored="0" total="2" passed="2">
  <reporter-output>
  </reporter-output>
  <suite name="Suite" duration-ms="29391" started-at="2020-06-15T16:42:35 IST" finished-at="2020-06-15T16:43:04 IST">
    <groups>
    </groups>
    <test name="Test1" duration-ms="29391" started-at="2020-06-15T16:42:35 IST" finished-at="2020-06-15T16:43:04 IST">
      <class name="toDelete.BStack_test1">
        <test-method status="PASS" signature="bf()[pri:0, instance:toDelete.BStack_test1@9660f4e]" name="bf" is-config="true" duration-ms="17098" started-at="2020-06-15T16:42:35 IST" finished-at="2020-06-15T16:42:52 IST">
          <reporter-output>
          </reporter-output>
        </test-method> <!-- bf -->
        <test-method status="PASS" signature="t1Google()[pri:0, instance:toDelete.BStack_test1@9660f4e]" name="t1Google" duration-ms="1017" started-at="2020-06-15T16:42:52 IST" finished-at="2020-06-15T16:42:53 IST">
          <reporter-output>
          </reporter-output>
        </test-method> <!-- t1Google -->
        <test-method status="PASS" signature="getResult(org.testng.ITestResult)[pri:0, instance:toDelete.BStack_test1@9660f4e]" name="getResult" is-config="true" duration-ms="284" started-at="2020-06-15T16:42:53 IST" finished-at="2020-06-15T16:42:53 IST">
          <params>
            <param index="0">
              <value>
                <![CDATA[[TestResult name=t1Google status=SUCCESS method=BStack_test1.t1Google()[pri:0, instance:toDelete.BStack_test1@9660f4e] output={null}]]]>
              </value>
            </param>
          </params>
          <reporter-output>
          </reporter-output>
        </test-method> <!-- getResult -->
        <test-method status="PASS" signature="t2FB()[pri:0, instance:toDelete.BStack_test1@9660f4e]" name="t2FB" duration-ms="9039" started-at="2020-06-15T16:42:53 IST" finished-at="2020-06-15T16:43:02 IST">
          <reporter-output>
          </reporter-output>
        </test-method> <!-- t2FB -->
        <test-method status="PASS" signature="getResult(org.testng.ITestResult)[pri:0, instance:toDelete.BStack_test1@9660f4e]" name="getResult" is-config="true" duration-ms="90" started-at="2020-06-15T16:43:02 IST" finished-at="2020-06-15T16:43:02 IST">
          <params>
            <param index="0">
              <value>
                <![CDATA[[TestResult name=t2FB status=SUCCESS method=BStack_test1.t2FB()[pri:0, instance:toDelete.BStack_test1@9660f4e] output={null}]]]>
              </value>
            </param>
          </params>
          <reporter-output>
          </reporter-output>
        </test-method> <!-- getResult -->
        <test-method status="PASS" signature="af()[pri:0, instance:toDelete.BStack_test1@9660f4e]" name="af" is-config="true" duration-ms="1809" started-at="2020-06-15T16:43:02 IST" finished-at="2020-06-15T16:43:04 IST">
          <reporter-output>
          </reporter-output>
        </test-method> <!-- af -->
      </class> <!-- toDelete.BStack_test1 -->
    </test> <!-- Test1 -->
  </suite> <!-- Suite -->
</testng-results>
