<?xml version="1.0" encoding="UTF-8"?>
<testng-results skipped="0" failed="0" ignored="0" total="2" passed="2">
  <reporter-output>
  </reporter-output>
  <suite name="Suite" duration-ms="42317" started-at="2020-06-15T17:33:13 IST" finished-at="2020-06-15T17:33:55 IST">
    <groups>
    </groups>
    <test name="Test1" duration-ms="42317" started-at="2020-06-15T17:33:13 IST" finished-at="2020-06-15T17:33:55 IST">
      <class name="toDelete.BStack_test1">
        <test-method status="PASS" signature="bf()[pri:0, instance:toDelete.BStack_test1@9660f4e]" name="bf" is-config="true" duration-ms="9140" started-at="2020-06-15T17:33:13 IST" finished-at="2020-06-15T17:33:22 IST">
          <reporter-output>
          </reporter-output>
        </test-method> <!-- bf -->
        <test-method status="PASS" signature="t1Google()[pri:0, instance:toDelete.BStack_test1@9660f4e]" name="t1Google" duration-ms="26564" started-at="2020-06-15T17:33:22 IST" finished-at="2020-06-15T17:33:49 IST">
          <reporter-output>
          </reporter-output>
        </test-method> <!-- t1Google -->
        <test-method status="PASS" signature="getResult(org.testng.ITestResult)[pri:0, instance:toDelete.BStack_test1@9660f4e]" name="getResult" is-config="true" duration-ms="590" started-at="2020-06-15T17:33:49 IST" finished-at="2020-06-15T17:33:49 IST">
          <params>
            <param index="0">
              <value>
                <![CDATA[[TestResult name=t1Google status=SUCCESS method=BStack_test1.t1Google()[pri:0, instance:toDelete.BStack_test1@9660f4e] output={null}]]]>
              </value>
            </param>
          </params>
          <reporter-output>
          </reporter-output>
        </test-method> <!-- getResult -->
        <test-method status="PASS" signature="t2FB()[pri:0, instance:toDelete.BStack_test1@9660f4e]" name="t2FB" duration-ms="4568" started-at="2020-06-15T17:33:49 IST" finished-at="2020-06-15T17:33:54 IST">
          <reporter-output>
          </reporter-output>
        </test-method> <!-- t2FB -->
        <test-method status="PASS" signature="getResult(org.testng.ITestResult)[pri:0, instance:toDelete.BStack_test1@9660f4e]" name="getResult" is-config="true" duration-ms="59" started-at="2020-06-15T17:33:54 IST" finished-at="2020-06-15T17:33:54 IST">
          <params>
            <param index="0">
              <value>
                <![CDATA[[TestResult name=t2FB status=SUCCESS method=BStack_test1.t2FB()[pri:0, instance:toDelete.BStack_test1@9660f4e] output={null}]]]>
              </value>
            </param>
          </params>
          <reporter-output>
          </reporter-output>
        </test-method> <!-- getResult -->
        <test-method status="PASS" signature="af()[pri:0, instance:toDelete.BStack_test1@9660f4e]" name="af" is-config="true" duration-ms="1356" started-at="2020-06-15T17:33:54 IST" finished-at="2020-06-15T17:33:55 IST">
          <reporter-output>
          </reporter-output>
        </test-method> <!-- af -->
      </class> <!-- toDelete.BStack_test1 -->
    </test> <!-- Test1 -->
  </suite> <!-- Suite -->
</testng-results>
